<?xml version="1.0" encoding="UTF-8"?>
<testsuites tests="5" failures="0" errors="0" skipped="0">
  <testsuite name="My Login application" timestamp="2024-06-03T22:26:33" time="5.367" tests="5" failures="0" errors="0" skipped="0">
    <properties>
      <property name="specId" value="0"/>
      <property name="suiteName" value="My Login application"/>
      <property name="capabilities" value="chrome.125_0_6422_114.10_0_22631"/>
      <property name="file" value="file:///C:/Users/Nino_Londaridze/Desktop/Automated_JS/homeworks-automated-testing-with-js/UI_tests/test/specs/test.e2e.js"/>
    </properties>
    <testcase classname="chrome.125_0_6422_114.10_0_22631.My_Login_application" name="should login with valid credentials" time="3.736">
      <system-out><![CDATA[
COMMAND: navigateTo - {"url":"https://the-internet.herokuapp.com/login"}
RESULT: undefined
COMMAND: findElement - {"using":"css selector","value":"#username"}
RESULT: undefined
COMMAND: elementClear - {"elementId":"ELEMENT-1"}
RESULT: undefined
COMMAND: elementSendKeys - {"elementId":"ELEMENT-1","text":"tomsmith"}
RESULT: undefined
COMMAND: findElement - {"using":"css selector","value":"#password"}
RESULT: undefined
COMMAND: elementClear - {"elementId":"ELEMENT-2"}
RESULT: undefined
COMMAND: elementSendKeys - {"elementId":"ELEMENT-2","text":"SuperSecretPassword!"}
RESULT: undefined
COMMAND: findElement - {"using":"css selector","value":"button[type=\"submit\"]"}
RESULT: undefined
COMMAND: elementClick - {"elementId":"ELEMENT-3"}
RESULT: undefined
COMMAND: findElement - {"using":"css selector","value":"#flash"}
RESULT: undefined
COMMAND: findElements - {"using":"css selector","value":"#flash"}
RESULT: undefined
COMMAND: findElement - {"using":"css selector","value":"#flash"}
RESULT: undefined
COMMAND: getElementText - {"elementId":"ELEMENT-6"}
RESULT: undefined
]]></system-out>
    </testcase>
    <testcase classname="chrome.125_0_6422_114.10_0_22631.My_Login_application" name="should not login with invalid name" time="0.883">
      <system-out><![CDATA[
COMMAND: navigateTo - {"url":"https://the-internet.herokuapp.com/login"}
RESULT: undefined
COMMAND: findElement - {"using":"css selector","value":"#username"}
RESULT: undefined
COMMAND: elementClear - {"elementId":"ELEMENT-7"}
RESULT: undefined
COMMAND: elementSendKeys - {"elementId":"ELEMENT-7","text":"jondoe"}
RESULT: undefined
COMMAND: findElement - {"using":"css selector","value":"#password"}
RESULT: undefined
COMMAND: elementClear - {"elementId":"ELEMENT-8"}
RESULT: undefined
COMMAND: elementSendKeys - {"elementId":"ELEMENT-8","text":"SuperSecretPassword!"}
RESULT: undefined
COMMAND: findElement - {"using":"css selector","value":"button[type=\"submit\"]"}
RESULT: undefined
COMMAND: elementClick - {"elementId":"ELEMENT-9"}
RESULT: undefined
COMMAND: findElement - {"using":"css selector","value":"#flash"}
RESULT: undefined
COMMAND: findElements - {"using":"css selector","value":"#flash"}
RESULT: undefined
COMMAND: findElement - {"using":"css selector","value":"#flash"}
RESULT: undefined
COMMAND: getElementText - {"elementId":"ELEMENT-12"}
RESULT: undefined
]]></system-out>
    </testcase>
    <testcase classname="chrome.125_0_6422_114.10_0_22631.My_Login_application" name="username input should have id of username" time="0.242">
      <system-out><![CDATA[
COMMAND: navigateTo - {"url":"https://the-internet.herokuapp.com/login"}
RESULT: undefined
COMMAND: findElement - {"using":"css selector","value":"#username"}
RESULT: undefined
COMMAND: getElementAttribute - {"elementId":"ELEMENT-13","name":"id"}
RESULT: undefined
]]></system-out>
    </testcase>
    <testcase classname="chrome.125_0_6422_114.10_0_22631.My_Login_application" name="passwrod input should have id of password" time="0.248">
      <system-out><![CDATA[
COMMAND: navigateTo - {"url":"https://the-internet.herokuapp.com/login"}
RESULT: undefined
COMMAND: findElement - {"using":"css selector","value":"#password"}
RESULT: undefined
COMMAND: getElementAttribute - {"elementId":"ELEMENT-14","name":"id"}
RESULT: undefined
]]></system-out>
    </testcase>
    <testcase classname="chrome.125_0_6422_114.10_0_22631.My_Login_application" name="flash message should have id of flash" time="0.257">
      <system-out><![CDATA[
COMMAND: navigateTo - {"url":"https://the-internet.herokuapp.com/login"}
RESULT: undefined
COMMAND: findElement - {"using":"xpath","value":"//button[@class=\"radius\"]"}
RESULT: undefined
COMMAND: executeScript - {"script":"return (function isElementDisplayed(element) {\n    function nodeIsElement(node) {\n        if (!node) {\n            return false;\n        }\n        switch (node.nodeType) {\n            case Node.ELEMEN ... (8289 more bytes)","args":[{"element-6066-11e4-a52e-4f735466cecf":"ELEMENT-15","ELEMENT":"ELEMENT-15"}]}
RESULT: undefined
COMMAND: executeScript - {"script":"return (function isElementClickable(elem) {\n    if (!elem.getBoundingClientRect || !elem.scrollIntoView || !elem.contains || !elem.getClientRects || !document.elementFromPoint) {\n        return false; ... (5343 more bytes)","args":[{"element-6066-11e4-a52e-4f735466cecf":"ELEMENT-15","ELEMENT":"ELEMENT-15"}]}
RESULT: undefined
COMMAND: deleteSession - {}
RESULT: undefined
]]></system-out>
    </testcase>
  </testsuite>
</testsuites>